# JRE version: Java(TM) SE Runtime Environment (7.0_80-b15) (build 1.7.0_80-b15)
# Java VM: Java HotSpot(TM) 64-Bit Server VM (24.80-b11 mixed mode windows-amd64 compressed oops)
Heap
 PSYoungGen      total 76800K, used 26977K [0x00000000faa80000, 0x0000000100000000, 0x0000000100000000)
  eden space 67072K, 30% used [0x00000000faa80000,0x00000000fbe9d730,0x00000000fec00000)
  from space 9728K, 65% used [0x00000000fec00000,0x00000000ff244aa8,0x00000000ff580000)
  to   space 9728K, 0% used [0x00000000ff680000,0x00000000ff680000,0x0000000100000000)
 ParOldGen       total 174592K, used 136960K [0x00000000f0000000, 0x00000000faa80000, 0x00000000faa80000)
  object space 174592K, 78% used [0x00000000f0000000,0x00000000f85c0040,0x00000000faa80000)
 PSPermGen       total 83968K, used 83721K [0x00000000eae00000, 0x00000000f0000000, 0x00000000f0000000)
  object space 83968K, 99% used [0x00000000eae00000,0x00000000effc2670,0x00000000f0000000)
GC Heap History (10 events):
Event: 100725.750 GC heap before
{Heap before GC invocations=3728 (full 105):
 PSYoungGen      total 75776K, used 69437K [0x00000000faa80000, 0x00000000fff80000, 0x0000000100000000)
  eden space 65536K, 99% used [0x00000000faa80000,0x00000000fea7b670,0x00000000fea80000)
  from space 10240K, 38% used [0x00000000ff580000,0x00000000ff953f30,0x00000000fff80000)
  to   space 10752K, 0% used [0x00000000fea80000,0x00000000fea80000,0x00000000ff500000)
 ParOldGen       total 174592K, used 131387K [0x00000000f0000000, 0x00000000faa80000, 0x00000000faa80000)
  object space 174592K, 75% used [0x00000000f0000000,0x00000000f804ed88,0x00000000faa80000)
 PSPermGen       total 83968K, used 83230K [0x00000000eae00000, 0x00000000f0000000, 0x00000000f0000000)
  object space 83968K, 99% used [0x00000000eae00000,0x00000000eff47a60,0x00000000f0000000)
Event: 100725.759 GC heap after
Heap after GC invocations=3728 (full 105):
 PSYoungGen      total 76288K, used 3519K [0x00000000faa80000, 0x00000000fff80000, 0x0000000100000000)
  eden space 65536K, 0% used [0x00000000faa80000,0x00000000faa80000,0x00000000fea80000)
  from space 10752K, 32% used [0x00000000fea80000,0x00000000fedeffa8,0x00000000ff500000)
  to   space 10240K, 0% used [0x00000000ff580000,0x00000000ff580000,0x00000000fff80000)
 ParOldGen       total 174592K, used 131762K [0x00000000f0000000, 0x00000000faa80000, 0x00000000faa80000)
  object space 174592K, 75% used [0x00000000f0000000,0x00000000f80ac8e0,0x00000000faa80000)
 PSPermGen       total 83968K, used 83230K [0x00000000eae00000, 0x00000000f0000000, 0x00000000f0000000)
  object space 83968K, 99% used [0x00000000eae00000,0x00000000eff47a60,0x00000000f0000000)
}
Event: 100725.814 GC heap before
{Heap before GC invocations=3729 (full 105):
 PSYoungGen      total 76288K, used 69009K [0x00000000faa80000, 0x00000000fff80000, 0x0000000100000000)
  eden space 65536K, 99% used [0x00000000faa80000,0x00000000fea74750,0x00000000fea80000)
  from space 10752K, 32% used [0x00000000fea80000,0x00000000fedeffa8,0x00000000ff500000)
  to   space 10240K, 0% used [0x00000000ff580000,0x00000000ff580000,0x00000000fff80000)
 ParOldGen       total 174592K, used 131762K [0x00000000f0000000, 0x00000000faa80000, 0x00000000faa80000)
  object space 174592K, 75% used [0x00000000f0000000,0x00000000f80ac8e0,0x00000000faa80000)
 PSPermGen       total 83968K, used 83230K [0x00000000eae00000, 0x00000000f0000000, 0x00000000f0000000)
  object space 83968K, 99% used [0x00000000eae00000,0x00000000eff47a60,0x00000000f0000000)
Event: 100725.824 GC heap after
Heap after GC invocations=3729 (full 105):
 PSYoungGen      total 76800K, used 4301K [0x00000000faa80000, 0x00000000fff80000, 0x0000000100000000)
  eden space 66560K, 0% used [0x00000000faa80000,0x00000000faa80000,0x00000000feb80000)
  from space 10240K, 42% used [0x00000000ff580000,0x00000000ff9b36b8,0x00000000fff80000)
  to   space 10240K, 0% used [0x00000000feb80000,0x00000000feb80000,0x00000000ff580000)
 ParOldGen       total 174592K, used 132711K [0x00000000f0000000, 0x00000000faa80000, 0x00000000faa80000)
  object space 174592K, 76% used [0x00000000f0000000,0x00000000f8199ee8,0x00000000faa80000)
 PSPermGen       total 83968K, used 83230K [0x00000000eae00000, 0x00000000f0000000, 0x00000000f0000000)
  object space 83968K, 99% used [0x00000000eae00000,0x00000000eff47a60,0x00000000f0000000)
}
Event: 100725.867 GC heap before
{Heap before GC invocations=3730 (full 105):
 PSYoungGen      total 76800K, used 70853K [0x00000000faa80000, 0x00000000fff80000, 0x0000000100000000)
  eden space 66560K, 99% used [0x00000000faa80000,0x00000000feb7e050,0x00000000feb80000)
  from space 10240K, 42% used [0x00000000ff580000,0x00000000ff9b36b8,0x00000000fff80000)
  to   space 10240K, 0% used [0x00000000feb80000,0x00000000feb80000,0x00000000ff580000)
 ParOldGen       total 174592K, used 132711K [0x00000000f0000000, 0x00000000faa80000, 0x00000000faa80000)
  object space 174592K, 76% used [0x00000000f0000000,0x00000000f8199ee8,0x00000000faa80000)
 PSPermGen       total 83968K, used 83230K [0x00000000eae00000, 0x00000000f0000000, 0x00000000f0000000)
  object space 83968K, 99% used [0x00000000eae00000,0x00000000eff47a60,0x00000000f0000000)
Event: 100725.877 GC heap after
Heap after GC invocations=3730 (full 105):
 PSYoungGen      total 76800K, used 5454K [0x00000000faa80000, 0x00000000fff00000, 0x0000000100000000)
  eden space 66560K, 0% used [0x00000000faa80000,0x00000000faa80000,0x00000000feb80000)
  from space 10240K, 53% used [0x00000000feb80000,0x00000000ff0d3b00,0x00000000ff580000)
  to   space 9728K, 0% used [0x00000000ff580000,0x00000000ff580000,0x00000000fff00000)
 ParOldGen       total 174592K, used 133922K [0x00000000f0000000, 0x00000000faa80000, 0x00000000faa80000)
  object space 174592K, 76% used [0x00000000f0000000,0x00000000f82c8b78,0x00000000faa80000)
 PSPermGen       total 83968K, used 83230K [0x00000000eae00000, 0x00000000f0000000, 0x00000000f0000000)
  object space 83968K, 99% used [0x00000000eae00000,0x00000000eff47a60,0x00000000f0000000)
}
Event: 100725.945 GC heap before
{Heap before GC invocations=3731 (full 105):
 PSYoungGen      total 76800K, used 72014K [0x00000000faa80000, 0x00000000fff00000, 0x0000000100000000)
  eden space 66560K, 100% used [0x00000000faa80000,0x00000000feb80000,0x00000000feb80000)
  from space 10240K, 53% used [0x00000000feb80000,0x00000000ff0d3b00,0x00000000ff580000)
  to   space 9728K, 0% used [0x00000000ff580000,0x00000000ff580000,0x00000000fff00000)
 ParOldGen       total 174592K, used 133922K [0x00000000f0000000, 0x00000000faa80000, 0x00000000faa80000)
  object space 174592K, 76% used [0x00000000f0000000,0x00000000f82c8b78,0x00000000faa80000)
 PSPermGen       total 83968K, used 83304K [0x00000000eae00000, 0x00000000f0000000, 0x00000000f0000000)
  object space 83968K, 99% used [0x00000000eae00000,0x00000000eff5a1f8,0x00000000f0000000)
Event: 100725.957 GC heap after
Heap after GC invocations=3731 (full 105):
 PSYoungGen      total 76800K, used 6532K [0x00000000faa80000, 0x00000000fff80000, 0x0000000100000000)
  eden space 67072K, 0% used [0x00000000faa80000,0x00000000faa80000,0x00000000fec00000)
  from space 9728K, 67% used [0x00000000ff580000,0x00000000ffbe1230,0x00000000fff00000)
  to   space 9728K, 0% used [0x00000000fec00000,0x00000000fec00000,0x00000000ff580000)
 ParOldGen       total 174592K, used 135424K [0x00000000f0000000, 0x00000000faa80000, 0x00000000faa80000)
  object space 174592K, 77% used [0x00000000f0000000,0x00000000f8440340,0x00000000faa80000)
 PSPermGen       total 83968K, used 83304K [0x00000000eae00000, 0x00000000f0000000, 0x00000000f0000000)
  object space 83968K, 99% used [0x00000000eae00000,0x00000000eff5a1f8,0x00000000f0000000)
}
Event: 100726.548 GC heap before
{Heap before GC invocations=3732 (full 105):
 PSYoungGen      total 76800K, used 73487K [0x00000000faa80000, 0x00000000fff80000, 0x0000000100000000)
  eden space 67072K, 99% used [0x00000000faa80000,0x00000000febe2d50,0x00000000fec00000)
  from space 9728K, 67% used [0x00000000ff580000,0x00000000ffbe1230,0x00000000fff00000)
  to   space 9728K, 0% used [0x00000000fec00000,0x00000000fec00000,0x00000000ff580000)
 ParOldGen       total 174592K, used 135424K [0x00000000f0000000, 0x00000000faa80000, 0x00000000faa80000)
  object space 174592K, 77% used [0x00000000f0000000,0x00000000f8440340,0x00000000faa80000)
 PSPermGen       total 83968K, used 83721K [0x00000000eae00000, 0x00000000f0000000, 0x00000000f0000000)
  object space 83968K, 99% used [0x00000000eae00000,0x00000000effc2670,0x00000000f0000000)
Event: 100726.559 GC heap after
Heap after GC invocations=3732 (full 105):
 PSYoungGen      total 76800K, used 6418K [0x00000000faa80000, 0x0000000100000000, 0x0000000100000000)
  eden space 67072K, 0% used [0x00000000faa80000,0x00000000faa80000,0x00000000fec00000)
  from space 9728K, 65% used [0x00000000fec00000,0x00000000ff244aa8,0x00000000ff580000)
  to   space 9728K, 0% used [0x00000000ff680000,0x00000000ff680000,0x0000000100000000)
 ParOldGen       total 174592K, used 136960K [0x00000000f0000000, 0x00000000faa80000, 0x00000000faa80000)
  object space 174592K, 78% used [0x00000000f0000000,0x00000000f85c0040,0x00000000faa80000)
 PSPermGen       total 83968K, used 83721K [0x00000000eae00000, 0x00000000f0000000, 0x00000000f0000000)
  object space 83968K, 99% used [0x00000000eae00000,0x00000000effc2670,0x00000000f0000000)
}

